starting up
[92mListening on port 36714 ... [0m
[94m||| got connection 4 from ('127.0.0.1', 50069) [0m
[37m[cjoin|cameron ][0m
<<<          [cjoin|cameron ]
>>>          [sjoin|cameron ]
[37m> >          [slobb|01|cameron ] [0m
[94m||| got connection 5 from ('127.0.0.1', 50070) [0m
[37m[cjoin|ryan    ][0m
<<<          [cjoin|ryan    ]
>>>          [sjoin|ryan    ]
[37m> >          [slobb|02|cameron ,ryan    ] [0m
[94m||| got connection 6 from ('127.0.0.1', 50071) [0m
[37m[cjoin|brad    ][0m
<<<          [cjoin|brad    ]
>>>          [sjoin|brad    ]
[37m> >          [slobb|03|cameron ,ryan    ,brad    ] [0m
Starting lobby timeout
[92mstarting Game [0m
[37m> >          [slobb|00|] [0m
[94m>>> cameron  [shand|15,13,42,26,06,47,49,11,38,43,27,34,41,44,05,29,20,39] [0m
[94m>>> ryan     [shand|01,48,23,32,45,19,28,36,17,22,02,08,24,40,33,03,18,52] [0m
[94m>>> brad     [shand|35,51,37,25,00,16,46,12,21,09,50,30,04,10,14,07,31,52] [0m
[37m> >          [stabl|w0:cameron :18,w0:ryan    :17,a0:brad    :17,e0:        :00,e0:        :00,e0:        :00,e0:        :00|52,52,52,52|1] [0m
<<< brad     [cplay|00,52,52,52]
[37m> >          [stabl|a0:cameron :18,w0:ryan    :17,w0:brad    :16,e0:        :00,e0:        :00,e0:        :00,e0:        :00|00,52,52,52|0] [0m
<<< cameron  [cplay|05,06,52,52]
[37m> >          [stabl|w0:cameron :16,a0:ryan    :17,w0:brad    :16,e0:        :00,e0:        :00,e0:        :00,e0:        :00|05,06,52,52|0] [0m
<<< ryan     [cplay|52,52,52,52]
[37m> >          [stabl|w0:cameron :16,p0:ryan    :17,a0:brad    :16,e0:        :00,e0:        :00,e0:        :00,e0:        :00|05,06,52,52|0] [0m
<<< brad     [cplay|04,07,52,52]
skipping cameron
[37m> >          [stabl|p0:cameron :16,a0:ryan    :17,w0:brad    :14,e0:        :00,e0:        :00,e0:        :00,e0:        :00|04,07,52,52|0] [0m
<<< ryan     [cplay|52,52,52,52]
[94mnew round[0m
[37m> >          [stabl|w0:cameron :16,w0:ryan    :17,a0:brad    :14,e0:        :00,e0:        :00,e0:        :00,e0:        :00|52,52,52,52|0] [0m
<<< brad     [cplay|09,10,52,52]
[37m> >          [stabl|a0:cameron :16,w0:ryan    :17,w0:brad    :12,e0:        :00,e0:        :00,e0:        :00,e0:        :00|09,10,52,52|0] [0m
<<< cameron  [cplay|52,52,52,52]
[37m> >          [stabl|p0:cameron :16,a0:ryan    :17,w0:brad    :12,e0:        :00,e0:        :00,e0:        :00,e0:        :00|09,10,52,52|0] [0m
<<< ryan     [cplay|52,52,52,52]
[94mnew round[0m
[37m> >          [stabl|w0:cameron :16,w0:ryan    :17,a0:brad    :12,e0:        :00,e0:        :00,e0:        :00,e0:        :00|52,52,52,52|0] [0m
<<< brad     [cplay|12,14,52,52]
[37m> >          [stabl|a0:cameron :16,w0:ryan    :17,w0:brad    :10,e0:        :00,e0:        :00,e0:        :00,e0:        :00|12,14,52,52|0] [0m
<<< cameron  [cplay|13,15,52,52]
skipping ryan
[37m> >          [stabl|w0:cameron :14,p0:ryan    :17,a0:brad    :10,e0:        :00,e0:        :00,e0:        :00,e0:        :00|13,15,52,52|0] [0m
<<< brad     [cplay|52,52,52,52]
[94mnew round[0m
[37m> >          [stabl|a0:cameron :14,w0:ryan    :17,w0:brad    :10,e0:        :00,e0:        :00,e0:        :00,e0:        :00|52,52,52,52|0] [0m
<<< cameron  [cplay|11,52,52,52]
[37m> >          [stabl|w0:cameron :13,a0:ryan    :17,w0:brad    :10,e0:        :00,e0:        :00,e0:        :00,e0:        :00|11,52,52,52|0] [0m
<<< ryan     [cplay|08,52,52,52]
skipping brad
[37m> >          [stabl|a0:cameron :13,w0:ryan    :16,p0:brad    :10,e0:        :00,e0:        :00,e0:        :00,e0:        :00|08,52,52,52|0] [0m
<<< cameron  [cplay|20,52,52,52]
[37m> >          [stabl|w0:cameron :12,a0:ryan    :16,p0:brad    :10,e0:        :00,e0:        :00,e0:        :00,e0:        :00|20,52,52,52|0] [0m
<<< ryan     [cplay|22,23,52,52]
[37m> >          [stabl|w0:cameron :12,w0:ryan    :14,a0:brad    :10,e0:        :00,e0:        :00,e0:        :00,e0:        :00|22,23,52,52|0] [0m
<<< brad     [cplay|52,52,52,52]
[37m> >          [stabl|a0:cameron :12,w0:ryan    :14,p0:brad    :10,e0:        :00,e0:        :00,e0:        :00,e0:        :00|22,23,52,52|0] [0m
<<< cameron  [cplay|26,27,52,52]
[37m> >          [stabl|w0:cameron :10,a0:ryan    :14,p0:brad    :10,e0:        :00,e0:        :00,e0:        :00,e0:        :00|26,27,52,52|0] [0m
<<< ryan     [cplay|52,52,52,52]
[37m> >          [stabl|w0:cameron :10,p0:ryan    :14,a0:brad    :10,e0:        :00,e0:        :00,e0:        :00,e0:        :00|26,27,52,52|0] [0m
<<< brad     [cplay|52,52,52,52]
[94mnew round[0m
[37m> >          [stabl|a0:cameron :10,w0:ryan    :14,w0:brad    :10,e0:        :00,e0:        :00,e0:        :00,e0:        :00|52,52,52,52|0] [0m
<<< cameron  [cplay|29,52,52,52]
[37m> >          [stabl|w0:cameron :09,a0:ryan    :14,w0:brad    :10,e0:        :00,e0:        :00,e0:        :00,e0:        :00|29,52,52,52|0] [0m
<<< ryan     [cplay|28,52,52,52]
skipping brad
[37m> >          [stabl|a0:cameron :09,w0:ryan    :13,p0:brad    :10,e0:        :00,e0:        :00,e0:        :00,e0:        :00|28,52,52,52|0] [0m
<<< cameron  [cplay|34,52,52,52]
[37m> >          [stabl|w0:cameron :08,a0:ryan    :13,p0:brad    :10,e0:        :00,e0:        :00,e0:        :00,e0:        :00|34,52,52,52|0] [0m
<<< ryan     [cplay|32,33,52,52]
[37m> >          [stabl|w0:cameron :08,w0:ryan    :11,a0:brad    :10,e0:        :00,e0:        :00,e0:        :00,e0:        :00|32,33,52,52|0] [0m
<<< brad     [cplay|52,52,52,52]
[37m> >          [stabl|a0:cameron :08,w0:ryan    :11,p0:brad    :10,e0:        :00,e0:        :00,e0:        :00,e0:        :00|32,33,52,52|0] [0m
<<< cameron  [cplay|38,39,52,52]
[37m> >          [stabl|w0:cameron :06,a0:ryan    :11,p0:brad    :10,e0:        :00,e0:        :00,e0:        :00,e0:        :00|38,39,52,52|0] [0m
<<< ryan     [cplay|52,52,52,52]
[37m> >          [stabl|w0:cameron :06,p0:ryan    :11,a0:brad    :10,e0:        :00,e0:        :00,e0:        :00,e0:        :00|38,39,52,52|0] [0m
<<< brad     [cplay|52,52,52,52]
[94mnew round[0m
[37m> >          [stabl|a0:cameron :06,w0:ryan    :11,w0:brad    :10,e0:        :00,e0:        :00,e0:        :00,e0:        :00|52,52,52,52|0] [0m
<<< cameron  [cplay|41,42,43,52]
[37m> >          [stabl|w0:cameron :03,a0:ryan    :11,w0:brad    :10,e0:        :00,e0:        :00,e0:        :00,e0:        :00|41,42,43,52|0] [0m
<<< ryan     [cplay|52,52,52,52]
[37m> >          [stabl|w0:cameron :03,p0:ryan    :11,a0:brad    :10,e0:        :00,e0:        :00,e0:        :00,e0:        :00|41,42,43,52|0] [0m
<<< brad     [cplay|52,52,52,52]
[94mnew round[0m
[37m> >          [stabl|a0:cameron :03,w0:ryan    :11,w0:brad    :10,e0:        :00,e0:        :00,e0:        :00,e0:        :00|52,52,52,52|0] [0m
<<< cameron  [cplay|44,47,52,52]
[37m> >          [stabl|w0:cameron :01,a0:ryan    :11,w0:brad    :10,e0:        :00,e0:        :00,e0:        :00,e0:        :00|44,47,52,52|0] [0m
<<< ryan     [cplay|52,52,52,52]
[37m> >          [stabl|w0:cameron :01,p0:ryan    :11,a0:brad    :10,e0:        :00,e0:        :00,e0:        :00,e0:        :00|44,47,52,52|0] [0m
<<< brad     [cplay|52,52,52,52]
[94mnew round[0m
[37m> >          [stabl|a0:cameron :01,w0:ryan    :11,w0:brad    :10,e0:        :00,e0:        :00,e0:        :00,e0:        :00|52,52,52,52|0] [0m
<<< cameron  [cplay|49,52,52,52]
[92m2 played [0m
[94mcameron has position 1 [0m
[94mnew round[0m
[37m> >          [stabl|w0:cameron :00,a0:ryan    :11,w0:brad    :10,e0:        :00,e0:        :00,e0:        :00,e0:        :00|52,52,52,52|0] [0m
<<< ryan     [cplay|01,02,03,52]
[37m> >          [stabl|w0:cameron :00,w0:ryan    :08,a0:brad    :10,e0:        :00,e0:        :00,e0:        :00,e0:        :00|01,02,03,52|0] [0m
<<< brad     [cplay|52,52,52,52]
[94mnew round[0m
[37m> >          [stabl|w0:cameron :00,a0:ryan    :08,w0:brad    :10,e0:        :00,e0:        :00,e0:        :00,e0:        :00|52,52,52,52|0] [0m
<<< ryan     [cplay|17,18,19,52]
[37m> >          [stabl|w0:cameron :00,w0:ryan    :05,a0:brad    :10,e0:        :00,e0:        :00,e0:        :00,e0:        :00|17,18,19,52|0] [0m
<<< brad     [cplay|52,52,52,52]
[94mnew round[0m
[37m> >          [stabl|w0:cameron :00,a0:ryan    :05,w0:brad    :10,e0:        :00,e0:        :00,e0:        :00,e0:        :00|52,52,52,52|0] [0m
<<< ryan     [cplay|24,52,52,52]
[37m> >          [stabl|w0:cameron :00,w0:ryan    :04,a0:brad    :10,e0:        :00,e0:        :00,e0:        :00,e0:        :00|24,52,52,52|0] [0m
<<< brad     [cplay|25,52,52,52]
skipping ryan
[94mnew round[0m
[37m> >          [stabl|w0:cameron :00,w0:ryan    :04,a0:brad    :09,e0:        :00,e0:        :00,e0:        :00,e0:        :00|52,52,52,52|0] [0m
<<< brad     [cplay|16,52,52,52]
[37m> >          [stabl|w0:cameron :00,a0:ryan    :04,w0:brad    :08,e0:        :00,e0:        :00,e0:        :00,e0:        :00|16,52,52,52|0] [0m
<<< ryan     [cplay|36,52,52,52]
[37m> >          [stabl|w0:cameron :00,w0:ryan    :03,a0:brad    :08,e0:        :00,e0:        :00,e0:        :00,e0:        :00|36,52,52,52|0] [0m
<<< brad     [cplay|37,52,52,52]
skipping ryan
[94mnew round[0m
[37m> >          [stabl|w0:cameron :00,w0:ryan    :03,a0:brad    :07,e0:        :00,e0:        :00,e0:        :00,e0:        :00|52,52,52,52|0] [0m
<<< brad     [cplay|21,52,52,52]
[37m> >          [stabl|w0:cameron :00,a0:ryan    :03,w0:brad    :06,e0:        :00,e0:        :00,e0:        :00,e0:        :00|21,52,52,52|0] [0m
<<< ryan     [cplay|40,52,52,52]
[37m> >          [stabl|w0:cameron :00,w0:ryan    :02,a0:brad    :06,e0:        :00,e0:        :00,e0:        :00,e0:        :00|40,52,52,52|0] [0m
<<< brad     [cplay|46,52,52,52]
[37m> >          [stabl|w0:cameron :00,a0:ryan    :02,w0:brad    :05,e0:        :00,e0:        :00,e0:        :00,e0:        :00|46,52,52,52|0] [0m
<<< ryan     [cplay|45,52,52,52]
skipping brad
[94mnew round[0m
[37m> >          [stabl|w0:cameron :00,a0:ryan    :01,w0:brad    :05,e0:        :00,e0:        :00,e0:        :00,e0:        :00|52,52,52,52|0] [0m
<<< ryan     [cplay|48,52,52,52]
[92m2 played [0m
[94mryan has position 2 [0m
[94mnew round[0m
[37m> >          [stabl|w0:cameron :00,w0:ryan    :00,a0:brad    :05,e0:        :00,e0:        :00,e0:        :00,e0:        :00|52,52,52,52|0] [0m
<<< brad     [cplay|30,31,52,52]
[94mnew round[0m
[37m> >          [stabl|w0:cameron :00,w0:ryan    :00,a0:brad    :03,e0:        :00,e0:        :00,e0:        :00,e0:        :00|52,52,52,52|0] [0m
<<< brad     [cplay|35,52,52,52]
[94mnew round[0m
[37m> >          [stabl|w0:cameron :00,w0:ryan    :00,a0:brad    :02,e0:        :00,e0:        :00,e0:        :00,e0:        :00|52,52,52,52|0] [0m
<<< brad     [cplay|50,51,52,52]
[92m2 played [0m
[94mbrad has position 3 [0m
[92mend of game[0m
Cancelling lobby timeout
Starting lobby timeout
[92mstarting Game [0m
[37m> >          [schat|________|RESULTS                                                        ] [0m
[37m> >          [schat|________|cameron is the Warlord                                         ] [0m
[37m> >          [schat|________|ryan is a Plebian                                              ] [0m
[37m> >          [schat|________|brad is the Scumbag                                            ] [0m
[37m> >          [slobb|00|] [0m
[94m>>> cameron  [shand|14,10,43,38,49,22,28,36,46,44,41,33,04,20,09,48,01,34] [0m
[94m>>> ryan     [shand|23,08,51,03,18,32,35,00,17,24,42,31,26,19,12,50,25,52] [0m
swapping
Starting swap timeout
[94m>>> cameron  [swapw|47] [0m
<<< cameron  [cswap|01]
Cancelling swap timeout
Swapped 1 with 47
[94m>>> brad     [swaps|01|47] [0m
[94m>>> brad     [shand|02,30,27,40,07,16,39,45,15,05,29,21,37,13,11,06,01,52] [0m
[94m>>> cameron  [shand|14,10,43,38,49,22,28,36,46,44,41,33,04,20,09,48,34,47] [0m
[37m> >          [stabl|a0:cameron :18,w0:ryan    :17,w0:brad    :17,e0:        :00,e0:        :00,e0:        :00,e0:        :00|52,52,52,52|0] [0m
<<< cameron  [cplay|04,52,52,52]
[37m> >          [stabl|w0:cameron :17,a0:ryan    :17,w0:brad    :17,e0:        :00,e0:        :00,e0:        :00,e0:        :00|04,52,52,52|0] [0m
<<< ryan     [cplay|08,52,52,52]
[37m> >          [stabl|w0:cameron :17,w0:ryan    :16,a0:brad    :17,e0:        :00,e0:        :00,e0:        :00,e0:        :00|08,52,52,52|0] [0m
<<< brad     [cplay|11,52,52,52]
skipping cameron
[37m> >          [stabl|p0:cameron :17,a0:ryan    :16,w0:brad    :16,e0:        :00,e0:        :00,e0:        :00,e0:        :00|11,52,52,52|0] [0m
<<< ryan     [cplay|12,52,52,52]
[37m> >          [stabl|p0:cameron :17,w0:ryan    :15,a0:brad    :16,e0:        :00,e0:        :00,e0:        :00,e0:        :00|12,52,52,52|0] [0m
<<< brad     [cplay|13,15,52,52]
[37m> >          [stabl|a0:cameron :17,w0:ryan    :15,w0:brad    :14,e0:        :00,e0:        :00,e0:        :00,e0:        :00|13,15,52,52|0] [0m
<<< cameron  [cplay|52,52,52,52]
[37m> >          [stabl|p0:cameron :17,a0:ryan    :15,w0:brad    :14,e0:        :00,e0:        :00,e0:        :00,e0:        :00|13,15,52,52|0] [0m
<<< ryan     [cplay|17,18,19,52]
[37m> >          [stabl|p0:cameron :17,w0:ryan    :12,a0:brad    :14,e0:        :00,e0:        :00,e0:        :00,e0:        :00|17,18,19,52|0] [0m
<<< brad     [cplay|52,52,52,52]
[37m> >          [stabl|a0:cameron :17,w0:ryan    :12,p0:brad    :14,e0:        :00,e0:        :00,e0:        :00,e0:        :00|17,18,19,52|0] [0m
<<< cameron  [cplay|52,52,52,52]
[94mnew round[0m
[37m> >          [stabl|w0:cameron :17,a0:ryan    :12,w0:brad    :14,e0:        :00,e0:        :00,e0:        :00,e0:        :00|52,52,52,52|0] [0m
<<< ryan     [cplay|00,03,52,52]
[37m> >          [stabl|w0:cameron :17,w0:ryan    :10,a0:brad    :14,e0:        :00,e0:        :00,e0:        :00,e0:        :00|00,03,52,52|0] [0m
<<< brad     [cplay|01,02,52,52]
skipping cameron
[37m> >          [stabl|p0:cameron :17,a0:ryan    :10,w0:brad    :12,e0:        :00,e0:        :00,e0:        :00,e0:        :00|01,02,52,52|0] [0m
<<< ryan     [cplay|52,52,52,52]
[94mnew round[0m
[37m> >          [stabl|w0:cameron :17,w0:ryan    :10,a0:brad    :12,e0:        :00,e0:        :00,e0:        :00,e0:        :00|52,52,52,52|0] [0m
<<< brad     [cplay|05,06,07,52]
[37m> >          [stabl|a0:cameron :17,w0:ryan    :10,w0:brad    :09,e0:        :00,e0:        :00,e0:        :00,e0:        :00|05,06,07,52|0] [0m
<<< cameron  [cplay|52,52,52,52]
[37m> >          [stabl|p0:cameron :17,a0:ryan    :10,w0:brad    :09,e0:        :00,e0:        :00,e0:        :00,e0:        :00|05,06,07,52|0] [0m
<<< ryan     [cplay|52,52,52,52]
[94mnew round[0m
[37m> >          [stabl|w0:cameron :17,w0:ryan    :10,a0:brad    :09,e0:        :00,e0:        :00,e0:        :00,e0:        :00|52,52,52,52|0] [0m
<<< brad     [cplay|16,52,52,52]
[37m> >          [stabl|a0:cameron :17,w0:ryan    :10,w0:brad    :08,e0:        :00,e0:        :00,e0:        :00,e0:        :00|16,52,52,52|0] [0m
<<< cameron  [cplay|20,22,52,52]
[37m> >          [stabl|w0:cameron :15,a0:ryan    :10,w0:brad    :08,e0:        :00,e0:        :00,e0:        :00,e0:        :00|20,22,52,52|0] [0m
<<< ryan     [cplay|52,52,52,52]
[37m> >          [stabl|w0:cameron :15,p0:ryan    :10,a0:brad    :08,e0:        :00,e0:        :00,e0:        :00,e0:        :00|20,22,52,52|0] [0m
<<< brad     [cplay|52,52,52,52]
[94mnew round[0m
[37m> >          [stabl|a0:cameron :15,w0:ryan    :10,w0:brad    :08,e0:        :00,e0:        :00,e0:        :00,e0:        :00|52,52,52,52|0] [0m
<<< cameron  [cplay|09,10,52,52]
[37m> >          [stabl|w0:cameron :13,a0:ryan    :10,w0:brad    :08,e0:        :00,e0:        :00,e0:        :00,e0:        :00|09,10,52,52|0] [0m
<<< ryan     [cplay|52,52,52,52]
[37m> >          [stabl|w0:cameron :13,p0:ryan    :10,a0:brad    :08,e0:        :00,e0:        :00,e0:        :00,e0:        :00|09,10,52,52|0] [0m
<<< brad     [cplay|52,52,52,52]
[94mnew round[0m
[37m> >          [stabl|a0:cameron :13,w0:ryan    :10,w0:brad    :08,e0:        :00,e0:        :00,e0:        :00,e0:        :00|52,52,52,52|0] [0m
<<< cameron  [cplay|14,52,52,52]
[37m> >          [stabl|w0:cameron :12,a0:ryan    :10,w0:brad    :08,e0:        :00,e0:        :00,e0:        :00,e0:        :00|14,52,52,52|0] [0m
<<< ryan     [cplay|23,52,52,52]
[37m> >          [stabl|w0:cameron :12,w0:ryan    :09,a0:brad    :08,e0:        :00,e0:        :00,e0:        :00,e0:        :00|23,52,52,52|0] [0m
<<< brad     [cplay|21,52,52,52]
skipping cameron
[37m> >          [stabl|p0:cameron :12,a0:ryan    :09,w0:brad    :07,e0:        :00,e0:        :00,e0:        :00,e0:        :00|21,52,52,52|0] [0m
<<< ryan     [cplay|24,25,26,52]
[37m> >          [stabl|p0:cameron :12,w0:ryan    :06,a0:brad    :07,e0:        :00,e0:        :00,e0:        :00,e0:        :00|24,25,26,52|0] [0m
<<< brad     [cplay|52,52,52,52]
[37m> >          [stabl|a0:cameron :12,w0:ryan    :06,p0:brad    :07,e0:        :00,e0:        :00,e0:        :00,e0:        :00|24,25,26,52|0] [0m
<<< cameron  [cplay|52,52,52,52]
[94mnew round[0m
[37m> >          [stabl|w0:cameron :12,a0:ryan    :06,w0:brad    :07,e0:        :00,e0:        :00,e0:        :00,e0:        :00|52,52,52,52|0] [0m
<<< ryan     [cplay|31,52,52,52]
[37m> >          [stabl|w0:cameron :12,w0:ryan    :05,a0:brad    :07,e0:        :00,e0:        :00,e0:        :00,e0:        :00|31,52,52,52|0] [0m
<<< brad     [cplay|29,30,52,52]
[37m> >          [stabl|a0:cameron :12,w0:ryan    :05,w0:brad    :05,e0:        :00,e0:        :00,e0:        :00,e0:        :00|29,30,52,52|0] [0m
<<< cameron  [cplay|52,52,52,52]
[37m> >          [stabl|p0:cameron :12,a0:ryan    :05,w0:brad    :05,e0:        :00,e0:        :00,e0:        :00,e0:        :00|29,30,52,52|0] [0m
<<< ryan     [cplay|32,35,52,52]
[37m> >          [stabl|p0:cameron :12,w0:ryan    :03,a0:brad    :05,e0:        :00,e0:        :00,e0:        :00,e0:        :00|32,35,52,52|0] [0m
<<< brad     [cplay|37,39,52,52]
[37m> >          [stabl|a0:cameron :12,w0:ryan    :03,w0:brad    :03,e0:        :00,e0:        :00,e0:        :00,e0:        :00|37,39,52,52|0] [0m
<<< cameron  [cplay|36,38,52,52]
skipping ryan
[37m> >          [stabl|w0:cameron :10,p0:ryan    :03,a0:brad    :03,e0:        :00,e0:        :00,e0:        :00,e0:        :00|36,38,52,52|0] [0m
<<< brad     [cplay|52,52,52,52]
[94mnew round[0m
[37m> >          [stabl|a0:cameron :10,w0:ryan    :03,w0:brad    :03,e0:        :00,e0:        :00,e0:        :00,e0:        :00|52,52,52,52|0] [0m
<<< cameron  [cplay|28,52,52,52]
[37m> >          [stabl|w0:cameron :09,a0:ryan    :03,w0:brad    :03,e0:        :00,e0:        :00,e0:        :00,e0:        :00|28,52,52,52|0] [0m
<<< ryan     [cplay|42,52,52,52]
[37m> >          [stabl|w0:cameron :09,w0:ryan    :02,a0:brad    :03,e0:        :00,e0:        :00,e0:        :00,e0:        :00|42,52,52,52|0] [0m
<<< brad     [cplay|40,52,52,52]
skipping cameron
[37m> >          [stabl|p0:cameron :09,a0:ryan    :02,w0:brad    :02,e0:        :00,e0:        :00,e0:        :00,e0:        :00|40,52,52,52|0] [0m
<<< ryan     [cplay|50,51,52,52]
[92m2 played [0m
[94mryan has position 1 [0m
[94mnew round[0m
[37m> >          [stabl|w0:cameron :09,w0:ryan    :00,a0:brad    :02,e0:        :00,e0:        :00,e0:        :00,e0:        :00|52,52,52,52|0] [0m
<<< brad     [cplay|27,52,52,52]
[37m> >          [stabl|a0:cameron :09,w0:ryan    :00,w0:brad    :01,e0:        :00,e0:        :00,e0:        :00,e0:        :00|27,52,52,52|0] [0m
<<< cameron  [cplay|33,34,52,52]
[37m> >          [stabl|w0:cameron :07,w0:ryan    :00,a0:brad    :01,e0:        :00,e0:        :00,e0:        :00,e0:        :00|33,34,52,52|0] [0m
<<< brad     [cplay|52,52,52,52]
[94mnew round[0m
[37m> >          [stabl|a0:cameron :07,w0:ryan    :00,w0:brad    :01,e0:        :00,e0:        :00,e0:        :00,e0:        :00|52,52,52,52|0] [0m
<<< cameron  [cplay|41,43,52,52]
[37m> >          [stabl|w0:cameron :05,w0:ryan    :00,a0:brad    :01,e0:        :00,e0:        :00,e0:        :00,e0:        :00|41,43,52,52|0] [0m
<<< brad     [cplay|52,52,52,52]
[94mnew round[0m
[37m> >          [stabl|a0:cameron :05,w0:ryan    :00,w0:brad    :01,e0:        :00,e0:        :00,e0:        :00,e0:        :00|52,52,52,52|0] [0m
<<< cameron  [cplay|44,46,47,52]
[37m> >          [stabl|w0:cameron :02,w0:ryan    :00,a0:brad    :01,e0:        :00,e0:        :00,e0:        :00,e0:        :00|44,46,47,52|0] [0m
<<< brad     [cplay|52,52,52,52]
[94mnew round[0m
[37m> >          [stabl|a0:cameron :02,w0:ryan    :00,w0:brad    :01,e0:        :00,e0:        :00,e0:        :00,e0:        :00|52,52,52,52|0] [0m
<<< cameron  [cplay|48,49,52,52]
[92m2 played [0m
[94mcameron has position 2 [0m
[94mnew round[0m
[37m> >          [stabl|w0:cameron :00,w0:ryan    :00,a0:brad    :01,e0:        :00,e0:        :00,e0:        :00,e0:        :00|52,52,52,52|0] [0m
<<< brad     [cplay|45,52,52,52]
[94mbrad has position 3 [0m
[92mend of game[0m
Cancelling lobby timeout
Starting lobby timeout
[92mstarting Game [0m
[37m> >          [schat|________|RESULTS                                                        ] [0m
[37m> >          [schat|________|ryan is the Warlord                                            ] [0m
[37m> >          [schat|________|cameron is a Plebian                                           ] [0m
[37m> >          [schat|________|brad is the Scumbag                                            ] [0m
[37m> >          [slobb|00|] [0m
[94m>>> ryan     [shand|00,16,26,17,18,01,32,42,29,25,40,50,41,24,06,15,14,34] [0m
[94m>>> cameron  [shand|49,30,03,12,39,37,27,02,45,44,22,11,47,08,31,07,28,52] [0m
swapping
Starting swap timeout
[94m>>> ryan     [swapw|51] [0m
<<< ryan     [cswap|00]
Cancelling swap timeout
Swapped 0 with 51
[94m>>> brad     [swaps|00|51] [0m
[94m>>> brad     [shand|33,10,09,36,46,04,48,19,35,13,23,05,43,21,20,38,00,52] [0m
[94m>>> ryan     [shand|16,26,17,18,01,32,42,29,25,40,50,41,24,06,15,14,34,51] [0m
[37m> >          [stabl|a0:ryan    :18,w0:cameron :17,w0:brad    :17,e0:        :00,e0:        :00,e0:        :00,e0:        :00|52,52,52,52|0] [0m
<<< ryan     [cplay|01,52,52,52]
[37m> >          [stabl|w0:ryan    :17,a0:cameron :17,w0:brad    :17,e0:        :00,e0:        :00,e0:        :00,e0:        :00|01,52,52,52|0] [0m
<<< cameron  [cplay|02,03,52,52]
[37m> >          [stabl|w0:ryan    :17,w0:cameron :15,a0:brad    :17,e0:        :00,e0:        :00,e0:        :00,e0:        :00|02,03,52,52|0] [0m
<<< brad     [cplay|52,52,52,52]
[37m> >          [stabl|a0:ryan    :17,w0:cameron :15,p0:brad    :17,e0:        :00,e0:        :00,e0:        :00,e0:        :00|02,03,52,52|0] [0m
<<< ryan     [cplay|52,52,52,52]
[94mnew round[0m
[37m> >          [stabl|w0:ryan    :17,a0:cameron :15,w0:brad    :17,e0:        :00,e0:        :00,e0:        :00,e0:        :00|52,52,52,52|0] [0m
<<< cameron  [cplay|07,52,52,52]
[37m> >          [stabl|w0:ryan    :17,w0:cameron :14,a0:brad    :17,e0:        :00,e0:        :00,e0:        :00,e0:        :00|07,52,52,52|0] [0m
<<< brad     [cplay|04,05,52,52]
[37m> >          [stabl|a0:ryan    :17,w0:cameron :14,w0:brad    :15,e0:        :00,e0:        :00,e0:        :00,e0:        :00|04,05,52,52|0] [0m
<<< ryan     [cplay|52,52,52,52]
[37m> >          [stabl|p0:ryan    :17,a0:cameron :14,w0:brad    :15,e0:        :00,e0:        :00,e0:        :00,e0:        :00|04,05,52,52|0] [0m
<<< cameron  [cplay|08,11,52,52]
[37m> >          [stabl|p0:ryan    :17,w0:cameron :12,a0:brad    :15,e0:        :00,e0:        :00,e0:        :00,e0:        :00|08,11,52,52|0] [0m
<<< brad     [cplay|09,10,52,52]
skipping ryan
[37m> >          [stabl|p0:ryan    :17,a0:cameron :12,w0:brad    :13,e0:        :00,e0:        :00,e0:        :00,e0:        :00|09,10,52,52|0] [0m
<<< cameron  [cplay|52,52,52,52]
[94mnew round[0m
[37m> >          [stabl|w0:ryan    :17,w0:cameron :12,a0:brad    :13,e0:        :00,e0:        :00,e0:        :00,e0:        :00|52,52,52,52|0] [0m
<<< brad     [cplay|00,52,52,52]
[37m> >          [stabl|a0:ryan    :17,w0:cameron :12,w0:brad    :12,e0:        :00,e0:        :00,e0:        :00,e0:        :00|00,52,52,52|0] [0m
<<< ryan     [cplay|06,52,52,52]
[37m> >          [stabl|w0:ryan    :16,a0:cameron :12,w0:brad    :12,e0:        :00,e0:        :00,e0:        :00,e0:        :00|06,52,52,52|0] [0m
<<< cameron  [cplay|12,52,52,52]
[37m> >          [stabl|w0:ryan    :16,w0:cameron :11,a0:brad    :12,e0:        :00,e0:        :00,e0:        :00,e0:        :00|12,52,52,52|0] [0m
<<< brad     [cplay|13,52,52,52]
skipping ryan
[37m> >          [stabl|p0:ryan    :16,a0:cameron :11,w0:brad    :11,e0:        :00,e0:        :00,e0:        :00,e0:        :00|13,52,52,52|0] [0m
<<< cameron  [cplay|22,52,52,52]
[37m> >          [stabl|p0:ryan    :16,w0:cameron :10,a0:brad    :11,e0:        :00,e0:        :00,e0:        :00,e0:        :00|22,52,52,52|0] [0m
<<< brad     [cplay|20,21,23,52]
[37m> >          [stabl|a0:ryan    :16,w0:cameron :10,w0:brad    :08,e0:        :00,e0:        :00,e0:        :00,e0:        :00|20,21,23,52|0] [0m
<<< ryan     [cplay|24,25,26,52]
[37m> >          [stabl|w0:ryan    :13,a0:cameron :10,w0:brad    :08,e0:        :00,e0:        :00,e0:        :00,e0:        :00|24,25,26,52|0] [0m
<<< cameron  [cplay|52,52,52,52]
[37m> >          [stabl|w0:ryan    :13,p0:cameron :10,a0:brad    :08,e0:        :00,e0:        :00,e0:        :00,e0:        :00|24,25,26,52|0] [0m
<<< brad     [cplay|52,52,52,52]
[94mnew round[0m
[37m> >          [stabl|a0:ryan    :13,w0:cameron :10,w0:brad    :08,e0:        :00,e0:        :00,e0:        :00,e0:        :00|52,52,52,52|0] [0m
<<< ryan     [cplay|14,15,52,52]
[37m> >          [stabl|w0:ryan    :11,a0:cameron :10,w0:brad    :08,e0:        :00,e0:        :00,e0:        :00,e0:        :00|14,15,52,52|0] [0m
<<< cameron  [cplay|52,52,52,52]
[37m> >          [stabl|w0:ryan    :11,p0:cameron :10,a0:brad    :08,e0:        :00,e0:        :00,e0:        :00,e0:        :00|14,15,52,52|0] [0m
<<< brad     [cplay|52,52,52,52]
[94mnew round[0m
[37m> >          [stabl|a0:ryan    :11,w0:cameron :10,w0:brad    :08,e0:        :00,e0:        :00,e0:        :00,e0:        :00|52,52,52,52|0] [0m
<<< ryan     [cplay|16,17,18,52]
[37m> >          [stabl|w0:ryan    :08,a0:cameron :10,w0:brad    :08,e0:        :00,e0:        :00,e0:        :00,e0:        :00|16,17,18,52|0] [0m
<<< cameron  [cplay|52,52,52,52]
[37m> >          [stabl|w0:ryan    :08,p0:cameron :10,a0:brad    :08,e0:        :00,e0:        :00,e0:        :00,e0:        :00|16,17,18,52|0] [0m
<<< brad     [cplay|52,52,52,52]
[94mnew round[0m
[37m> >          [stabl|a0:ryan    :08,w0:cameron :10,w0:brad    :08,e0:        :00,e0:        :00,e0:        :00,e0:        :00|52,52,52,52|0] [0m
<<< ryan     [cplay|29,52,52,52]
[37m> >          [stabl|w0:ryan    :07,a0:cameron :10,w0:brad    :08,e0:        :00,e0:        :00,e0:        :00,e0:        :00|29,52,52,52|0] [0m
<<< cameron  [cplay|28,30,31,52]
[37m> >          [stabl|w0:ryan    :07,w0:cameron :07,a0:brad    :08,e0:        :00,e0:        :00,e0:        :00,e0:        :00|28,30,31,52|0] [0m
<<< brad     [cplay|52,52,52,52]
[37m> >          [stabl|a0:ryan    :07,w0:cameron :07,p0:brad    :08,e0:        :00,e0:        :00,e0:        :00,e0:        :00|28,30,31,52|0] [0m
<<< ryan     [cplay|52,52,52,52]
[94mnew round[0m
[37m> >          [stabl|w0:ryan    :07,a0:cameron :07,w0:brad    :08,e0:        :00,e0:        :00,e0:        :00,e0:        :00|52,52,52,52|0] [0m
<<< cameron  [cplay|27,52,52,52]
[37m> >          [stabl|w0:ryan    :07,w0:cameron :06,a0:brad    :08,e0:        :00,e0:        :00,e0:        :00,e0:        :00|27,52,52,52|0] [0m
<<< brad     [cplay|33,35,52,52]
[37m> >          [stabl|a0:ryan    :07,w0:cameron :06,w0:brad    :06,e0:        :00,e0:        :00,e0:        :00,e0:        :00|33,35,52,52|0] [0m
<<< ryan     [cplay|32,34,52,52]
skipping cameron
[37m> >          [stabl|w0:ryan    :05,p0:cameron :06,a0:brad    :06,e0:        :00,e0:        :00,e0:        :00,e0:        :00|32,34,52,52|0] [0m
<<< brad     [cplay|36,38,52,52]
[37m> >          [stabl|a0:ryan    :05,p0:cameron :06,w0:brad    :04,e0:        :00,e0:        :00,e0:        :00,e0:        :00|36,38,52,52|0] [0m
<<< ryan     [cplay|40,41,42,52]
[37m> >          [stabl|w0:ryan    :02,a0:cameron :06,w0:brad    :04,e0:        :00,e0:        :00,e0:        :00,e0:        :00|40,41,42,52|0] [0m
<<< cameron  [cplay|44,45,47,52]
[37m> >          [stabl|w0:ryan    :02,w0:cameron :03,a0:brad    :04,e0:        :00,e0:        :00,e0:        :00,e0:        :00|44,45,47,52|0] [0m
<<< brad     [cplay|52,52,52,52]
[37m> >          [stabl|a0:ryan    :02,w0:cameron :03,p0:brad    :04,e0:        :00,e0:        :00,e0:        :00,e0:        :00|44,45,47,52|0] [0m
<<< ryan     [cplay|52,52,52,52]
[94mnew round[0m
[37m> >          [stabl|w0:ryan    :02,a0:cameron :03,w0:brad    :04,e0:        :00,e0:        :00,e0:        :00,e0:        :00|52,52,52,52|0] [0m
<<< cameron  [cplay|37,39,52,52]
[37m> >          [stabl|w0:ryan    :02,w0:cameron :01,a0:brad    :04,e0:        :00,e0:        :00,e0:        :00,e0:        :00|37,39,52,52|0] [0m
<<< brad     [cplay|52,52,52,52]
[37m> >          [stabl|a0:ryan    :02,w0:cameron :01,p0:brad    :04,e0:        :00,e0:        :00,e0:        :00,e0:        :00|37,39,52,52|0] [0m
<<< ryan     [cplay|50,51,52,52]
[92m2 played [0m
[94mryan has position 1 [0m
[94mnew round[0m
[37m> >          [stabl|w0:ryan    :00,a0:cameron :01,w0:brad    :04,e0:        :00,e0:        :00,e0:        :00,e0:        :00|52,52,52,52|0] [0m
<<< cameron  [cplay|49,52,52,52]
[92m2 played [0m
[94mcameron has position 2 [0m
[94mnew round[0m
[37m> >          [stabl|w0:ryan    :00,w0:cameron :00,a0:brad    :04,e0:        :00,e0:        :00,e0:        :00,e0:        :00|52,52,52,52|0] [0m
<<< brad     [cplay|19,52,52,52]
[94mnew round[0m
[37m> >          [stabl|w0:ryan    :00,w0:cameron :00,a0:brad    :03,e0:        :00,e0:        :00,e0:        :00,e0:        :00|52,52,52,52|0] [0m
<<< brad     [cplay|43,52,52,52]
[94mnew round[0m
[37m> >          [stabl|w0:ryan    :00,w0:cameron :00,a0:brad    :02,e0:        :00,e0:        :00,e0:        :00,e0:        :00|52,52,52,52|0] [0m
<<< brad     [cplay|46,52,52,52]
[94mnew round[0m
[37m> >          [stabl|w0:ryan    :00,w0:cameron :00,a0:brad    :01,e0:        :00,e0:        :00,e0:        :00,e0:        :00|52,52,52,52|0] [0m
<<< brad     [cplay|48,52,52,52]
[92m2 played [0m
[94mbrad has position 3 [0m
[92mend of game[0m
Cancelling lobby timeout
Starting lobby timeout
[92mstarting Game [0m
[37m> >          [schat|________|RESULTS                                                        ] [0m
[37m> >          [schat|________|ryan is the Warlord                                            ] [0m
[37m> >          [schat|________|cameron is a Plebian                                           ] [0m
[37m> >          [schat|________|brad is the Scumbag                                            ] [0m
[37m> >          [slobb|00|] [0m
[94m>>> ryan     [shand|48,23,37,35,04,29,01,14,20,36,15,00,06,27,43,33,21,16] [0m
[94m>>> cameron  [shand|18,26,08,45,22,49,44,10,13,05,11,25,40,39,38,12,07,52] [0m
swapping
Starting swap timeout
[94m>>> ryan     [swapw|51] [0m
<<< ryan     [cswap|00]
Cancelling swap timeout
Swapped 0 with 51
[94m>>> brad     [swaps|00|51] [0m
[94m>>> brad     [shand|42,24,03,34,02,41,46,31,47,30,19,50,09,32,17,28,00,52] [0m
[94m>>> ryan     [shand|48,23,37,35,04,29,01,14,20,36,15,06,27,43,33,21,16,51] [0m
[37m> >          [stabl|a0:ryan    :18,w0:cameron :17,w0:brad    :17,e0:        :00,e0:        :00,e0:        :00,e0:        :00|52,52,52,52|0] [0m
<<< ryan     [cplay|01,52,52,52]
[37m> >          [stabl|w0:ryan    :17,a0:cameron :17,w0:brad    :17,e0:        :00,e0:        :00,e0:        :00,e0:        :00|01,52,52,52|0] [0m
<<< cameron  [cplay|05,07,52,52]
[37m> >          [stabl|w0:ryan    :17,w0:cameron :15,a0:brad    :17,e0:        :00,e0:        :00,e0:        :00,e0:        :00|05,07,52,52|0] [0m
<<< brad     [cplay|52,52,52,52]
[37m> >          [stabl|a0:ryan    :17,w0:cameron :15,p0:brad    :17,e0:        :00,e0:        :00,e0:        :00,e0:        :00|05,07,52,52|0] [0m
<<< ryan     [cplay|04,06,52,52]
skipping cameron
[37m> >          [stabl|w0:ryan    :15,p0:cameron :15,a0:brad    :17,e0:        :00,e0:        :00,e0:        :00,e0:        :00|04,06,52,52|0] [0m
<<< brad     [cplay|52,52,52,52]
[94mnew round[0m
[37m> >          [stabl|a0:ryan    :15,w0:cameron :15,w0:brad    :17,e0:        :00,e0:        :00,e0:        :00,e0:        :00|52,52,52,52|0] [0m
<<< ryan     [cplay|14,15,52,52]
[37m> >          [stabl|w0:ryan    :13,a0:cameron :15,w0:brad    :17,e0:        :00,e0:        :00,e0:        :00,e0:        :00|14,15,52,52|0] [0m
<<< cameron  [cplay|12,13,52,52]
skipping brad
[37m> >          [stabl|a0:ryan    :13,w0:cameron :13,p0:brad    :17,e0:        :00,e0:        :00,e0:        :00,e0:        :00|12,13,52,52|0] [0m
<<< ryan     [cplay|52,52,52,52]
[94mnew round[0m
[37m> >          [stabl|w0:ryan    :13,a0:cameron :13,w0:brad    :17,e0:        :00,e0:        :00,e0:        :00,e0:        :00|52,52,52,52|0] [0m
<<< cameron  [cplay|08,10,11,52]
[37m> >          [stabl|w0:ryan    :13,w0:cameron :10,a0:brad    :17,e0:        :00,e0:        :00,e0:        :00,e0:        :00|08,10,11,52|0] [0m
<<< brad     [cplay|52,52,52,52]
[37m> >          [stabl|a0:ryan    :13,w0:cameron :10,p0:brad    :17,e0:        :00,e0:        :00,e0:        :00,e0:        :00|08,10,11,52|0] [0m
<<< ryan     [cplay|52,52,52,52]
[94mnew round[0m
[37m> >          [stabl|w0:ryan    :13,a0:cameron :10,w0:brad    :17,e0:        :00,e0:        :00,e0:        :00,e0:        :00|52,52,52,52|0] [0m
<<< cameron  [cplay|18,52,52,52]
[37m> >          [stabl|w0:ryan    :13,w0:cameron :09,a0:brad    :17,e0:        :00,e0:        :00,e0:        :00,e0:        :00|18,52,52,52|0] [0m
<<< brad     [cplay|17,19,52,52]
[37m> >          [stabl|a0:ryan    :13,w0:cameron :09,w0:brad    :15,e0:        :00,e0:        :00,e0:        :00,e0:        :00|17,19,52,52|0] [0m
<<< ryan     [cplay|52,52,52,52]
[37m> >          [stabl|p0:ryan    :13,a0:cameron :09,w0:brad    :15,e0:        :00,e0:        :00,e0:        :00,e0:        :00|17,19,52,52|0] [0m
<<< cameron  [cplay|52,52,52,52]
[94mnew round[0m
[37m> >          [stabl|w0:ryan    :13,w0:cameron :09,a0:brad    :15,e0:        :00,e0:        :00,e0:        :00,e0:        :00|52,52,52,52|0] [0m
<<< brad     [cplay|00,02,03,52]
[37m> >          [stabl|a0:ryan    :13,w0:cameron :09,w0:brad    :12,e0:        :00,e0:        :00,e0:        :00,e0:        :00|00,02,03,52|0] [0m
<<< ryan     [cplay|52,52,52,52]
[37m> >          [stabl|p0:ryan    :13,a0:cameron :09,w0:brad    :12,e0:        :00,e0:        :00,e0:        :00,e0:        :00|00,02,03,52|0] [0m
<<< cameron  [cplay|52,52,52,52]
[94mnew round[0m
[37m> >          [stabl|w0:ryan    :13,w0:cameron :09,a0:brad    :12,e0:        :00,e0:        :00,e0:        :00,e0:        :00|52,52,52,52|0] [0m
<<< brad     [cplay|09,52,52,52]
[37m> >          [stabl|a0:ryan    :13,w0:cameron :09,w0:brad    :11,e0:        :00,e0:        :00,e0:        :00,e0:        :00|09,52,52,52|0] [0m
<<< ryan     [cplay|16,52,52,52]
[37m> >          [stabl|w0:ryan    :12,a0:cameron :09,w0:brad    :11,e0:        :00,e0:        :00,e0:        :00,e0:        :00|16,52,52,52|0] [0m
<<< cameron  [cplay|22,52,52,52]
[37m> >          [stabl|w0:ryan    :12,w0:cameron :08,a0:brad    :11,e0:        :00,e0:        :00,e0:        :00,e0:        :00|22,52,52,52|0] [0m
<<< brad     [cplay|24,52,52,52]
[37m> >          [stabl|a0:ryan    :12,w0:cameron :08,w0:brad    :10,e0:        :00,e0:        :00,e0:        :00,e0:        :00|24,52,52,52|0] [0m
<<< ryan     [cplay|27,52,52,52]
skipping cameron
[37m> >          [stabl|w0:ryan    :11,p0:cameron :08,a0:brad    :10,e0:        :00,e0:        :00,e0:        :00,e0:        :00|27,52,52,52|0] [0m
<<< brad     [cplay|28,30,31,52]
[37m> >          [stabl|a0:ryan    :11,p0:cameron :08,w0:brad    :07,e0:        :00,e0:        :00,e0:        :00,e0:        :00|28,30,31,52|0] [0m
<<< ryan     [cplay|52,52,52,52]
[37m> >          [stabl|p0:ryan    :11,a0:cameron :08,w0:brad    :07,e0:        :00,e0:        :00,e0:        :00,e0:        :00|28,30,31,52|0] [0m
<<< cameron  [cplay|52,52,52,52]
[94mnew round[0m
[37m> >          [stabl|w0:ryan    :11,w0:cameron :08,a0:brad    :07,e0:        :00,e0:        :00,e0:        :00,e0:        :00|52,52,52,52|0] [0m
<<< brad     [cplay|32,34,52,52]
[37m> >          [stabl|a0:ryan    :11,w0:cameron :08,w0:brad    :05,e0:        :00,e0:        :00,e0:        :00,e0:        :00|32,34,52,52|0] [0m
<<< ryan     [cplay|33,35,52,52]
skipping cameron
[37m> >          [stabl|w0:ryan    :09,p0:cameron :08,a0:brad    :05,e0:        :00,e0:        :00,e0:        :00,e0:        :00|33,35,52,52|0] [0m
<<< brad     [cplay|41,42,52,52]
[37m> >          [stabl|a0:ryan    :09,p0:cameron :08,w0:brad    :03,e0:        :00,e0:        :00,e0:        :00,e0:        :00|41,42,52,52|0] [0m
<<< ryan     [cplay|52,52,52,52]
[37m> >          [stabl|p0:ryan    :09,a0:cameron :08,w0:brad    :03,e0:        :00,e0:        :00,e0:        :00,e0:        :00|41,42,52,52|0] [0m
<<< cameron  [cplay|52,52,52,52]
[94mnew round[0m
[37m> >          [stabl|w0:ryan    :09,w0:cameron :08,a0:brad    :03,e0:        :00,e0:        :00,e0:        :00,e0:        :00|52,52,52,52|0] [0m
<<< brad     [cplay|46,47,52,52]
[37m> >          [stabl|a0:ryan    :09,w0:cameron :08,w0:brad    :01,e0:        :00,e0:        :00,e0:        :00,e0:        :00|46,47,52,52|0] [0m
<<< ryan     [cplay|48,51,52,52]
[92m2 played [0m
[94mnew round[0m
[37m> >          [stabl|a0:ryan    :07,w0:cameron :08,w0:brad    :01,e0:        :00,e0:        :00,e0:        :00,e0:        :00|52,52,52,52|0] [0m
<<< ryan     [cplay|20,21,23,52]
[37m> >          [stabl|w0:ryan    :04,a0:cameron :08,w0:brad    :01,e0:        :00,e0:        :00,e0:        :00,e0:        :00|20,21,23,52|0] [0m
<<< cameron  [cplay|52,52,52,52]
[37m> >          [stabl|w0:ryan    :04,p0:cameron :08,a0:brad    :01,e0:        :00,e0:        :00,e0:        :00,e0:        :00|20,21,23,52|0] [0m
<<< brad     [cplay|52,52,52,52]
[94mnew round[0m
[37m> >          [stabl|a0:ryan    :04,w0:cameron :08,w0:brad    :01,e0:        :00,e0:        :00,e0:        :00,e0:        :00|52,52,52,52|0] [0m
<<< ryan     [cplay|29,52,52,52]
[37m> >          [stabl|w0:ryan    :03,a0:cameron :08,w0:brad    :01,e0:        :00,e0:        :00,e0:        :00,e0:        :00|29,52,52,52|0] [0m
<<< cameron  [cplay|38,39,52,52]
[37m> >          [stabl|w0:ryan    :03,w0:cameron :06,a0:brad    :01,e0:        :00,e0:        :00,e0:        :00,e0:        :00|38,39,52,52|0] [0m
<<< brad     [cplay|52,52,52,52]
[37m> >          [stabl|a0:ryan    :03,w0:cameron :06,p0:brad    :01,e0:        :00,e0:        :00,e0:        :00,e0:        :00|38,39,52,52|0] [0m
<<< ryan     [cplay|36,37,52,52]
skipping cameron
[37m> >          [stabl|w0:ryan    :01,p0:cameron :06,a0:brad    :01,e0:        :00,e0:        :00,e0:        :00,e0:        :00|36,37,52,52|0] [0m
<<< brad     [cplay|52,52,52,52]
[94mnew round[0m
[37m> >          [stabl|a0:ryan    :01,w0:cameron :06,w0:brad    :01,e0:        :00,e0:        :00,e0:        :00,e0:        :00|52,52,52,52|0] [0m
<<< ryan     [cplay|43,52,52,52]
[94mryan has position 1 [0m
[37m> >          [stabl|w0:ryan    :00,a0:cameron :06,w0:brad    :01,e0:        :00,e0:        :00,e0:        :00,e0:        :00|43,52,52,52|0] [0m
<<< cameron  [cplay|40,52,52,52]
skipping brad
[94mnew round[0m
[37m> >          [stabl|w0:ryan    :00,a0:cameron :05,w0:brad    :01,e0:        :00,e0:        :00,e0:        :00,e0:        :00|52,52,52,52|0] [0m
<<< cameron  [cplay|25,26,52,52]
[37m> >          [stabl|w0:ryan    :00,w0:cameron :03,a0:brad    :01,e0:        :00,e0:        :00,e0:        :00,e0:        :00|25,26,52,52|0] [0m
<<< brad     [cplay|52,52,52,52]
[94mnew round[0m
[37m> >          [stabl|w0:ryan    :00,a0:cameron :03,w0:brad    :01,e0:        :00,e0:        :00,e0:        :00,e0:        :00|52,52,52,52|0] [0m
<<< cameron  [cplay|44,45,52,52]
[37m> >          [stabl|w0:ryan    :00,w0:cameron :01,a0:brad    :01,e0:        :00,e0:        :00,e0:        :00,e0:        :00|44,45,52,52|0] [0m
<<< brad     [cplay|52,52,52,52]
[94mnew round[0m
[37m> >          [stabl|w0:ryan    :00,a0:cameron :01,w0:brad    :01,e0:        :00,e0:        :00,e0:        :00,e0:        :00|52,52,52,52|0] [0m
<<< cameron  [cplay|49,52,52,52]
[92m2 played [0m
[94mcameron has position 2 [0m
[94mnew round[0m
[37m> >          [stabl|w0:ryan    :00,w0:cameron :00,a0:brad    :01,e0:        :00,e0:        :00,e0:        :00,e0:        :00|52,52,52,52|0] [0m
<<< brad     [cplay|50,52,52,52]
[92m2 played [0m
[94mbrad has position 3 [0m
[92mend of game[0m
Cancelling lobby timeout
Starting lobby timeout
[92mstarting Game [0m
[37m> >          [schat|________|RESULTS                                                        ] [0m
[37m> >          [schat|________|ryan is the Warlord                                            ] [0m
[37m> >          [schat|________|cameron is a Plebian                                           ] [0m
[37m> >          [schat|________|brad is the Scumbag                                            ] [0m
[37m> >          [slobb|00|] [0m
[94m>>> ryan     [shand|01,35,36,23,48,40,03,11,39,26,21,18,14,02,28,44,20,45] [0m
[94m>>> cameron  [shand|41,43,51,09,30,46,13,22,50,33,27,00,37,06,24,07,10,52] [0m
swapping
Starting swap timeout
[94m>>> ryan     [swapw|49] [0m
<<< ryan     [cswap|01]
Cancelling swap timeout
Swapped 1 with 49
[94m>>> brad     [swaps|01|49] [0m
[94m>>> brad     [shand|47,29,12,42,34,17,08,38,15,04,32,25,31,05,19,16,01,52] [0m
[94m>>> ryan     [shand|35,36,23,48,40,03,11,39,26,21,18,14,02,28,44,20,45,49] [0m
[37m> >          [stabl|a0:ryan    :18,w0:cameron :17,w0:brad    :17,e0:        :00,e0:        :00,e0:        :00,e0:        :00|52,52,52,52|0] [0m
<<< ryan     [cplay|02,03,52,52]
[37m> >          [stabl|w0:ryan    :16,a0:cameron :17,w0:brad    :17,e0:        :00,e0:        :00,e0:        :00,e0:        :00|02,03,52,52|0] [0m
<<< cameron  [cplay|52,52,52,52]
[37m> >          [stabl|w0:ryan    :16,p0:cameron :17,a0:brad    :17,e0:        :00,e0:        :00,e0:        :00,e0:        :00|02,03,52,52|0] [0m
<<< brad     [cplay|52,52,52,52]
[94mnew round[0m
[37m> >          [stabl|a0:ryan    :16,w0:cameron :17,w0:brad    :17,e0:        :00,e0:        :00,e0:        :00,e0:        :00|52,52,52,52|0] [0m
<<< ryan     [cplay|11,52,52,52]
[37m> >          [stabl|w0:ryan    :15,a0:cameron :17,w0:brad    :17,e0:        :00,e0:        :00,e0:        :00,e0:        :00|11,52,52,52|0] [0m
<<< cameron  [cplay|09,10,52,52]
[37m> >          [stabl|w0:ryan    :15,w0:cameron :15,a0:brad    :17,e0:        :00,e0:        :00,e0:        :00,e0:        :00|09,10,52,52|0] [0m
<<< brad     [cplay|52,52,52,52]
[37m> >          [stabl|a0:ryan    :15,w0:cameron :15,p0:brad    :17,e0:        :00,e0:        :00,e0:        :00,e0:        :00|09,10,52,52|0] [0m
<<< ryan     [cplay|52,52,52,52]
[94mnew round[0m
[37m> >          [stabl|w0:ryan    :15,a0:cameron :15,w0:brad    :17,e0:        :00,e0:        :00,e0:        :00,e0:        :00|52,52,52,52|0] [0m
<<< cameron  [cplay|00,52,52,52]
[37m> >          [stabl|w0:ryan    :15,w0:cameron :14,a0:brad    :17,e0:        :00,e0:        :00,e0:        :00,e0:        :00|00,52,52,52|0] [0m
<<< brad     [cplay|01,52,52,52]
skipping ryan
[37m> >          [stabl|p0:ryan    :15,a0:cameron :14,w0:brad    :16,e0:        :00,e0:        :00,e0:        :00,e0:        :00|01,52,52,52|0] [0m
<<< cameron  [cplay|06,07,52,52]
[37m> >          [stabl|p0:ryan    :15,w0:cameron :12,a0:brad    :16,e0:        :00,e0:        :00,e0:        :00,e0:        :00|06,07,52,52|0] [0m
<<< brad     [cplay|04,05,52,52]
skipping ryan
[37m> >          [stabl|p0:ryan    :15,a0:cameron :12,w0:brad    :14,e0:        :00,e0:        :00,e0:        :00,e0:        :00|04,05,52,52|0] [0m
<<< cameron  [cplay|52,52,52,52]
[94mnew round[0m
[37m> >          [stabl|w0:ryan    :15,w0:cameron :12,a0:brad    :14,e0:        :00,e0:        :00,e0:        :00,e0:        :00|52,52,52,52|0] [0m
<<< brad     [cplay|08,52,52,52]
[37m> >          [stabl|a0:ryan    :15,w0:cameron :12,w0:brad    :13,e0:        :00,e0:        :00,e0:        :00,e0:        :00|08,52,52,52|0] [0m
<<< ryan     [cplay|14,52,52,52]
[37m> >          [stabl|w0:ryan    :14,a0:cameron :12,w0:brad    :13,e0:        :00,e0:        :00,e0:        :00,e0:        :00|14,52,52,52|0] [0m
<<< cameron  [cplay|13,52,52,52]
skipping brad
[37m> >          [stabl|a0:ryan    :14,w0:cameron :11,p0:brad    :13,e0:        :00,e0:        :00,e0:        :00,e0:        :00|13,52,52,52|0] [0m
<<< ryan     [cplay|18,52,52,52]
[37m> >          [stabl|w0:ryan    :13,a0:cameron :11,p0:brad    :13,e0:        :00,e0:        :00,e0:        :00,e0:        :00|18,52,52,52|0] [0m
<<< cameron  [cplay|22,52,52,52]
[37m> >          [stabl|w0:ryan    :13,w0:cameron :10,a0:brad    :13,e0:        :00,e0:        :00,e0:        :00,e0:        :00|22,52,52,52|0] [0m
<<< brad     [cplay|25,52,52,52]
[37m> >          [stabl|a0:ryan    :13,w0:cameron :10,w0:brad    :12,e0:        :00,e0:        :00,e0:        :00,e0:        :00|25,52,52,52|0] [0m
<<< ryan     [cplay|26,52,52,52]
skipping cameron
[37m> >          [stabl|w0:ryan    :12,p0:cameron :10,a0:brad    :12,e0:        :00,e0:        :00,e0:        :00,e0:        :00|26,52,52,52|0] [0m
<<< brad     [cplay|29,31,52,52]
[37m> >          [stabl|a0:ryan    :12,p0:cameron :10,w0:brad    :10,e0:        :00,e0:        :00,e0:        :00,e0:        :00|29,31,52,52|0] [0m
<<< ryan     [cplay|52,52,52,52]
[37m> >          [stabl|p0:ryan    :12,a0:cameron :10,w0:brad    :10,e0:        :00,e0:        :00,e0:        :00,e0:        :00|29,31,52,52|0] [0m
<<< cameron  [cplay|52,52,52,52]
[94mnew round[0m
[37m> >          [stabl|w0:ryan    :12,w0:cameron :10,a0:brad    :10,e0:        :00,e0:        :00,e0:        :00,e0:        :00|52,52,52,52|0] [0m
<<< brad     [cplay|12,15,52,52]
[37m> >          [stabl|a0:ryan    :12,w0:cameron :10,w0:brad    :08,e0:        :00,e0:        :00,e0:        :00,e0:        :00|12,15,52,52|0] [0m
<<< ryan     [cplay|20,21,23,52]
[37m> >          [stabl|w0:ryan    :09,a0:cameron :10,w0:brad    :08,e0:        :00,e0:        :00,e0:        :00,e0:        :00|20,21,23,52|0] [0m
<<< cameron  [cplay|52,52,52,52]
[37m> >          [stabl|w0:ryan    :09,p0:cameron :10,a0:brad    :08,e0:        :00,e0:        :00,e0:        :00,e0:        :00|20,21,23,52|0] [0m
<<< brad     [cplay|52,52,52,52]
[94mnew round[0m
[37m> >          [stabl|a0:ryan    :09,w0:cameron :10,w0:brad    :08,e0:        :00,e0:        :00,e0:        :00,e0:        :00|52,52,52,52|0] [0m
<<< ryan     [cplay|28,52,52,52]
[37m> >          [stabl|w0:ryan    :08,a0:cameron :10,w0:brad    :08,e0:        :00,e0:        :00,e0:        :00,e0:        :00|28,52,52,52|0] [0m
<<< cameron  [cplay|30,52,52,52]
skipping brad
[37m> >          [stabl|a0:ryan    :08,w0:cameron :09,p0:brad    :08,e0:        :00,e0:        :00,e0:        :00,e0:        :00|30,52,52,52|0] [0m
<<< ryan     [cplay|35,52,52,52]
[37m> >          [stabl|w0:ryan    :07,a0:cameron :09,p0:brad    :08,e0:        :00,e0:        :00,e0:        :00,e0:        :00|35,52,52,52|0] [0m
<<< cameron  [cplay|33,52,52,52]
skipping brad
[37m> >          [stabl|a0:ryan    :07,w0:cameron :08,p0:brad    :08,e0:        :00,e0:        :00,e0:        :00,e0:        :00|33,52,52,52|0] [0m
<<< ryan     [cplay|36,39,52,52]
[37m> >          [stabl|w0:ryan    :05,a0:cameron :08,p0:brad    :08,e0:        :00,e0:        :00,e0:        :00,e0:        :00|36,39,52,52|0] [0m
<<< cameron  [cplay|52,52,52,52]
[37m> >          [stabl|w0:ryan    :05,p0:cameron :08,a0:brad    :08,e0:        :00,e0:        :00,e0:        :00,e0:        :00|36,39,52,52|0] [0m
<<< brad     [cplay|52,52,52,52]
[94mnew round[0m
[37m> >          [stabl|a0:ryan    :05,w0:cameron :08,w0:brad    :08,e0:        :00,e0:        :00,e0:        :00,e0:        :00|52,52,52,52|0] [0m
<<< ryan     [cplay|40,52,52,52]
[37m> >          [stabl|w0:ryan    :04,a0:cameron :08,w0:brad    :08,e0:        :00,e0:        :00,e0:        :00,e0:        :00|40,52,52,52|0] [0m
<<< cameron  [cplay|41,43,52,52]
[37m> >          [stabl|w0:ryan    :04,w0:cameron :06,a0:brad    :08,e0:        :00,e0:        :00,e0:        :00,e0:        :00|41,43,52,52|0] [0m
<<< brad     [cplay|52,52,52,52]
[37m> >          [stabl|a0:ryan    :04,w0:cameron :06,p0:brad    :08,e0:        :00,e0:        :00,e0:        :00,e0:        :00|41,43,52,52|0] [0m
<<< ryan     [cplay|44,45,52,52]
[37m> >          [stabl|w0:ryan    :02,a0:cameron :06,p0:brad    :08,e0:        :00,e0:        :00,e0:        :00,e0:        :00|44,45,52,52|0] [0m
<<< cameron  [cplay|52,52,52,52]
[37m> >          [stabl|w0:ryan    :02,p0:cameron :06,a0:brad    :08,e0:        :00,e0:        :00,e0:        :00,e0:        :00|44,45,52,52|0] [0m
<<< brad     [cplay|52,52,52,52]
[94mnew round[0m
[37m> >          [stabl|a0:ryan    :02,w0:cameron :06,w0:brad    :08,e0:        :00,e0:        :00,e0:        :00,e0:        :00|52,52,52,52|0] [0m
<<< ryan     [cplay|48,49,52,52]
[92m2 played [0m
[94mryan has position 1 [0m
[94mnew round[0m
[37m> >          [stabl|w0:ryan    :00,a0:cameron :06,w0:brad    :08,e0:        :00,e0:        :00,e0:        :00,e0:        :00|52,52,52,52|0] [0m
<<< cameron  [cplay|24,27,52,52]
[37m> >          [stabl|w0:ryan    :00,w0:cameron :04,a0:brad    :08,e0:        :00,e0:        :00,e0:        :00,e0:        :00|24,27,52,52|0] [0m
<<< brad     [cplay|32,34,52,52]
[37m> >          [stabl|w0:ryan    :00,a0:cameron :04,w0:brad    :06,e0:        :00,e0:        :00,e0:        :00,e0:        :00|32,34,52,52|0] [0m
<<< cameron  [cplay|52,52,52,52]
[94mnew round[0m
[37m> >          [stabl|w0:ryan    :00,w0:cameron :04,a0:brad    :06,e0:        :00,e0:        :00,e0:        :00,e0:        :00|52,52,52,52|0] [0m
<<< brad     [cplay|16,17,19,52]
[37m> >          [stabl|w0:ryan    :00,a0:cameron :04,w0:brad    :03,e0:        :00,e0:        :00,e0:        :00,e0:        :00|16,17,19,52|0] [0m
<<< cameron  [cplay|52,52,52,52]
[94mnew round[0m
[37m> >          [stabl|w0:ryan    :00,w0:cameron :04,a0:brad    :03,e0:        :00,e0:        :00,e0:        :00,e0:        :00|52,52,52,52|0] [0m
<<< brad     [cplay|38,52,52,52]
[37m> >          [stabl|w0:ryan    :00,a0:cameron :04,w0:brad    :02,e0:        :00,e0:        :00,e0:        :00,e0:        :00|38,52,52,52|0] [0m
<<< cameron  [cplay|37,52,52,52]
skipping brad
[94mnew round[0m
[37m> >          [stabl|w0:ryan    :00,a0:cameron :03,w0:brad    :02,e0:        :00,e0:        :00,e0:        :00,e0:        :00|52,52,52,52|0] [0m
<<< cameron  [cplay|46,52,52,52]
[37m> >          [stabl|w0:ryan    :00,w0:cameron :02,a0:brad    :02,e0:        :00,e0:        :00,e0:        :00,e0:        :00|46,52,52,52|0] [0m
<<< brad     [cplay|47,52,52,52]
skipping cameron
[94mnew round[0m
[37m> >          [stabl|w0:ryan    :00,w0:cameron :02,a0:brad    :01,e0:        :00,e0:        :00,e0:        :00,e0:        :00|52,52,52,52|0] [0m
<<< brad     [cplay|42,52,52,52]
[94mbrad has position 2 [0m
[94mnew round[0m
[37m> >          [stabl|w0:ryan    :00,a0:cameron :02,w0:brad    :00,e0:        :00,e0:        :00,e0:        :00,e0:        :00|52,52,52,52|0] [0m
<<< cameron  [cplay|50,51,52,52]
[92m2 played [0m
[94mcameron has position 3 [0m
[92mend of game[0m
Cancelling lobby timeout
Starting lobby timeout
shutting down server...
[93mtried to cancel play timeout [0m
[93mtried to cancel swap timeout [0m
Cancelling lobby timeout
